  ViewerTempDlg.cpp
C:\Users\auseh\OneDrive\문서\GitHub\C_PlusPlus_MFC\File\ViewerTemp\ViewerTemp\ViewerTempDlg.cpp(207,15): warning C4244: '=': 'double'에서 'int'(으)로 변환하면서 데이터가 손실될 수 있습니다.
C:\Users\auseh\OneDrive\문서\GitHub\C_PlusPlus_MFC\File\ViewerTemp\ViewerTemp\ViewerTempDlg.cpp(207,34): warning C4244: '=': 'double'에서 'int'(으)로 변환하면서 데이터가 손실될 수 있습니다.
C:\Users\auseh\OneDrive\문서\GitHub\C_PlusPlus_MFC\File\ViewerTemp\ViewerTemp\ViewerTempDlg.cpp(218,5): warning C4244: '인수': 'double'에서 'int'(으)로 변환하면서 데이터가 손실될 수 있습니다.
C:\Users\auseh\OneDrive\문서\GitHub\C_PlusPlus_MFC\File\ViewerTemp\ViewerTemp\ViewerTempDlg.cpp(217,5): warning C4244: '인수': 'double'에서 'int'(으)로 변환하면서 데이터가 손실될 수 있습니다.
C:\Users\auseh\OneDrive\문서\GitHub\C_PlusPlus_MFC\File\ViewerTemp\ViewerTemp\ViewerTempDlg.cpp(211,33): warning C4244: '인수': 'double'에서 'int'(으)로 변환하면서 데이터가 손실될 수 있습니다.
C:\Users\auseh\OneDrive\문서\GitHub\C_PlusPlus_MFC\File\ViewerTemp\ViewerTemp\ViewerTempDlg.cpp(210,32): warning C4244: '인수': 'double'에서 'int'(으)로 변환하면서 데이터가 손실될 수 있습니다.
C:\Users\auseh\OneDrive\문서\GitHub\C_PlusPlus_MFC\File\ViewerTemp\ViewerTemp\ViewerTempDlg.cpp(276,15): warning C4244: '=': 'double'에서 'int'(으)로 변환하면서 데이터가 손실될 수 있습니다.
C:\Users\auseh\OneDrive\문서\GitHub\C_PlusPlus_MFC\File\ViewerTemp\ViewerTemp\ViewerTempDlg.cpp(276,34): warning C4244: '=': 'double'에서 'int'(으)로 변환하면서 데이터가 손실될 수 있습니다.
C:\Users\auseh\OneDrive\문서\GitHub\C_PlusPlus_MFC\File\ViewerTemp\ViewerTemp\ViewerTempDlg.cpp(287,16): warning C4244: '인수': 'double'에서 'int'(으)로 변환하면서 데이터가 손실될 수 있습니다.
C:\Users\auseh\OneDrive\문서\GitHub\C_PlusPlus_MFC\File\ViewerTemp\ViewerTemp\ViewerTempDlg.cpp(286,15): warning C4244: '인수': 'double'에서 'int'(으)로 변환하면서 데이터가 손실될 수 있습니다.
C:\Users\auseh\OneDrive\문서\GitHub\C_PlusPlus_MFC\File\ViewerTemp\ViewerTemp\ViewerTempDlg.cpp(285,11): warning C4244: '인수': 'double'에서 'int'(으)로 변환하면서 데이터가 손실될 수 있습니다.
C:\Users\auseh\OneDrive\문서\GitHub\C_PlusPlus_MFC\File\ViewerTemp\ViewerTemp\ViewerTempDlg.cpp(284,11): warning C4244: '인수': 'double'에서 'int'(으)로 변환하면서 데이터가 손실될 수 있습니다.
C:\Users\auseh\OneDrive\문서\GitHub\C_PlusPlus_MFC\File\ViewerTemp\ViewerTemp\ViewerTempDlg.cpp(280,33): warning C4244: '인수': 'double'에서 'int'(으)로 변환하면서 데이터가 손실될 수 있습니다.
C:\Users\auseh\OneDrive\문서\GitHub\C_PlusPlus_MFC\File\ViewerTemp\ViewerTemp\ViewerTempDlg.cpp(279,32): warning C4244: '인수': 'double'에서 'int'(으)로 변환하면서 데이터가 손실될 수 있습니다.
C:\Users\auseh\OneDrive\문서\GitHub\C_PlusPlus_MFC\File\ViewerTemp\ViewerTemp\ViewerTempDlg.cpp(294,15): warning C4244: '=': 'double'에서 'int'(으)로 변환하면서 데이터가 손실될 수 있습니다.
C:\Users\auseh\OneDrive\문서\GitHub\C_PlusPlus_MFC\File\ViewerTemp\ViewerTemp\ViewerTempDlg.cpp(294,34): warning C4244: '=': 'double'에서 'int'(으)로 변환하면서 데이터가 손실될 수 있습니다.
C:\Users\auseh\OneDrive\문서\GitHub\C_PlusPlus_MFC\File\ViewerTemp\ViewerTemp\ViewerTempDlg.cpp(305,16): warning C4244: '인수': 'double'에서 'int'(으)로 변환하면서 데이터가 손실될 수 있습니다.
C:\Users\auseh\OneDrive\문서\GitHub\C_PlusPlus_MFC\File\ViewerTemp\ViewerTemp\ViewerTempDlg.cpp(304,15): warning C4244: '인수': 'double'에서 'int'(으)로 변환하면서 데이터가 손실될 수 있습니다.
C:\Users\auseh\OneDrive\문서\GitHub\C_PlusPlus_MFC\File\ViewerTemp\ViewerTemp\ViewerTempDlg.cpp(303,5): warning C4244: '인수': 'double'에서 'int'(으)로 변환하면서 데이터가 손실될 수 있습니다.
C:\Users\auseh\OneDrive\문서\GitHub\C_PlusPlus_MFC\File\ViewerTemp\ViewerTemp\ViewerTempDlg.cpp(302,5): warning C4244: '인수': 'double'에서 'int'(으)로 변환하면서 데이터가 손실될 수 있습니다.
C:\Users\auseh\OneDrive\문서\GitHub\C_PlusPlus_MFC\File\ViewerTemp\ViewerTemp\ViewerTempDlg.cpp(298,33): warning C4244: '인수': 'double'에서 'int'(으)로 변환하면서 데이터가 손실될 수 있습니다.
C:\Users\auseh\OneDrive\문서\GitHub\C_PlusPlus_MFC\File\ViewerTemp\ViewerTemp\ViewerTempDlg.cpp(297,32): warning C4244: '인수': 'double'에서 'int'(으)로 변환하면서 데이터가 손실될 수 있습니다.
C:\Users\auseh\OneDrive\문서\GitHub\C_PlusPlus_MFC\File\ViewerTemp\ViewerTemp\ViewerTempDlg.cpp(330,15): warning C4244: '=': 'double'에서 'int'(으)로 변환하면서 데이터가 손실될 수 있습니다.
C:\Users\auseh\OneDrive\문서\GitHub\C_PlusPlus_MFC\File\ViewerTemp\ViewerTemp\ViewerTempDlg.cpp(330,34): warning C4244: '=': 'double'에서 'int'(으)로 변환하면서 데이터가 손실될 수 있습니다.
C:\Users\auseh\OneDrive\문서\GitHub\C_PlusPlus_MFC\File\ViewerTemp\ViewerTemp\ViewerTempDlg.cpp(341,16): warning C4244: '인수': 'double'에서 'int'(으)로 변환하면서 데이터가 손실될 수 있습니다.
C:\Users\auseh\OneDrive\문서\GitHub\C_PlusPlus_MFC\File\ViewerTemp\ViewerTemp\ViewerTempDlg.cpp(340,15): warning C4244: '인수': 'double'에서 'int'(으)로 변환하면서 데이터가 손실될 수 있습니다.
C:\Users\auseh\OneDrive\문서\GitHub\C_PlusPlus_MFC\File\ViewerTemp\ViewerTemp\ViewerTempDlg.cpp(339,7): warning C4244: '인수': 'double'에서 'int'(으)로 변환하면서 데이터가 손실될 수 있습니다.
C:\Users\auseh\OneDrive\문서\GitHub\C_PlusPlus_MFC\File\ViewerTemp\ViewerTemp\ViewerTempDlg.cpp(338,7): warning C4244: '인수': 'double'에서 'int'(으)로 변환하면서 데이터가 손실될 수 있습니다.
C:\Users\auseh\OneDrive\문서\GitHub\C_PlusPlus_MFC\File\ViewerTemp\ViewerTemp\ViewerTempDlg.cpp(334,33): warning C4244: '인수': 'double'에서 'int'(으)로 변환하면서 데이터가 손실될 수 있습니다.
C:\Users\auseh\OneDrive\문서\GitHub\C_PlusPlus_MFC\File\ViewerTemp\ViewerTemp\ViewerTempDlg.cpp(333,32): warning C4244: '인수': 'double'에서 'int'(으)로 변환하면서 데이터가 손실될 수 있습니다.
C:\Users\auseh\OneDrive\문서\GitHub\C_PlusPlus_MFC\File\ViewerTemp\ViewerTemp\ViewerTempDlg.cpp(365,15): warning C4244: '=': 'double'에서 'int'(으)로 변환하면서 데이터가 손실될 수 있습니다.
C:\Users\auseh\OneDrive\문서\GitHub\C_PlusPlus_MFC\File\ViewerTemp\ViewerTemp\ViewerTempDlg.cpp(365,34): warning C4244: '=': 'double'에서 'int'(으)로 변환하면서 데이터가 손실될 수 있습니다.
C:\Users\auseh\OneDrive\문서\GitHub\C_PlusPlus_MFC\File\ViewerTemp\ViewerTemp\ViewerTempDlg.cpp(376,16): warning C4244: '인수': 'double'에서 'int'(으)로 변환하면서 데이터가 손실될 수 있습니다.
C:\Users\auseh\OneDrive\문서\GitHub\C_PlusPlus_MFC\File\ViewerTemp\ViewerTemp\ViewerTempDlg.cpp(375,15): warning C4244: '인수': 'double'에서 'int'(으)로 변환하면서 데이터가 손실될 수 있습니다.
C:\Users\auseh\OneDrive\문서\GitHub\C_PlusPlus_MFC\File\ViewerTemp\ViewerTemp\ViewerTempDlg.cpp(374,7): warning C4244: '인수': 'double'에서 'int'(으)로 변환하면서 데이터가 손실될 수 있습니다.
C:\Users\auseh\OneDrive\문서\GitHub\C_PlusPlus_MFC\File\ViewerTemp\ViewerTemp\ViewerTempDlg.cpp(373,7): warning C4244: '인수': 'double'에서 'int'(으)로 변환하면서 데이터가 손실될 수 있습니다.
C:\Users\auseh\OneDrive\문서\GitHub\C_PlusPlus_MFC\File\ViewerTemp\ViewerTemp\ViewerTempDlg.cpp(369,33): warning C4244: '인수': 'double'에서 'int'(으)로 변환하면서 데이터가 손실될 수 있습니다.
C:\Users\auseh\OneDrive\문서\GitHub\C_PlusPlus_MFC\File\ViewerTemp\ViewerTemp\ViewerTempDlg.cpp(368,32): warning C4244: '인수': 'double'에서 'int'(으)로 변환하면서 데이터가 손실될 수 있습니다.
C:\Users\auseh\OneDrive\문서\GitHub\C_PlusPlus_MFC\File\ViewerTemp\ViewerTemp\ViewerTempDlg.cpp(401,91): warning C4244: '인수': 'double'에서 'int'(으)로 변환하면서 데이터가 손실될 수 있습니다.
C:\Users\auseh\OneDrive\문서\GitHub\C_PlusPlus_MFC\File\ViewerTemp\ViewerTemp\ViewerTempDlg.cpp(401,83): warning C4244: '인수': 'double'에서 'int'(으)로 변환하면서 데이터가 손실될 수 있습니다.
C:\Users\auseh\OneDrive\문서\GitHub\C_PlusPlus_MFC\File\ViewerTemp\ViewerTemp\ViewerTempDlg.cpp(401,78): warning C4244: '인수': 'double'에서 'int'(으)로 변환하면서 데이터가 손실될 수 있습니다.
C:\Users\auseh\OneDrive\문서\GitHub\C_PlusPlus_MFC\File\ViewerTemp\ViewerTemp\ViewerTempDlg.cpp(401,45): warning C4244: '인수': 'double'에서 'int'(으)로 변환하면서 데이터가 손실될 수 있습니다.
C:\Users\auseh\OneDrive\문서\GitHub\C_PlusPlus_MFC\File\ViewerTemp\ViewerTemp\ViewerTempDlg.cpp(413,15): warning C4244: '=': 'double'에서 'int'(으)로 변환하면서 데이터가 손실될 수 있습니다.
C:\Users\auseh\OneDrive\문서\GitHub\C_PlusPlus_MFC\File\ViewerTemp\ViewerTemp\ViewerTempDlg.cpp(413,34): warning C4244: '=': 'double'에서 'int'(으)로 변환하면서 데이터가 손실될 수 있습니다.
C:\Users\auseh\OneDrive\문서\GitHub\C_PlusPlus_MFC\File\ViewerTemp\ViewerTemp\ViewerTempDlg.cpp(424,16): warning C4244: '인수': 'double'에서 'int'(으)로 변환하면서 데이터가 손실될 수 있습니다.
C:\Users\auseh\OneDrive\문서\GitHub\C_PlusPlus_MFC\File\ViewerTemp\ViewerTemp\ViewerTempDlg.cpp(423,15): warning C4244: '인수': 'double'에서 'int'(으)로 변환하면서 데이터가 손실될 수 있습니다.
C:\Users\auseh\OneDrive\문서\GitHub\C_PlusPlus_MFC\File\ViewerTemp\ViewerTemp\ViewerTempDlg.cpp(422,5): warning C4244: '인수': 'double'에서 'int'(으)로 변환하면서 데이터가 손실될 수 있습니다.
C:\Users\auseh\OneDrive\문서\GitHub\C_PlusPlus_MFC\File\ViewerTemp\ViewerTemp\ViewerTempDlg.cpp(421,5): warning C4244: '인수': 'double'에서 'int'(으)로 변환하면서 데이터가 손실될 수 있습니다.
C:\Users\auseh\OneDrive\문서\GitHub\C_PlusPlus_MFC\File\ViewerTemp\ViewerTemp\ViewerTempDlg.cpp(417,33): warning C4244: '인수': 'double'에서 'int'(으)로 변환하면서 데이터가 손실될 수 있습니다.
C:\Users\auseh\OneDrive\문서\GitHub\C_PlusPlus_MFC\File\ViewerTemp\ViewerTemp\ViewerTempDlg.cpp(416,32): warning C4244: '인수': 'double'에서 'int'(으)로 변환하면서 데이터가 손실될 수 있습니다.
C:\Users\auseh\OneDrive\문서\GitHub\C_PlusPlus_MFC\File\ViewerTemp\ViewerTemp\ViewerTempDlg.cpp(436,15): warning C4244: '=': 'double'에서 'int'(으)로 변환하면서 데이터가 손실될 수 있습니다.
C:\Users\auseh\OneDrive\문서\GitHub\C_PlusPlus_MFC\File\ViewerTemp\ViewerTemp\ViewerTempDlg.cpp(436,34): warning C4244: '=': 'double'에서 'int'(으)로 변환하면서 데이터가 손실될 수 있습니다.
C:\Users\auseh\OneDrive\문서\GitHub\C_PlusPlus_MFC\File\ViewerTemp\ViewerTemp\ViewerTempDlg.cpp(447,16): warning C4244: '인수': 'double'에서 'int'(으)로 변환하면서 데이터가 손실될 수 있습니다.
C:\Users\auseh\OneDrive\문서\GitHub\C_PlusPlus_MFC\File\ViewerTemp\ViewerTemp\ViewerTempDlg.cpp(446,15): warning C4244: '인수': 'double'에서 'int'(으)로 변환하면서 데이터가 손실될 수 있습니다.
C:\Users\auseh\OneDrive\문서\GitHub\C_PlusPlus_MFC\File\ViewerTemp\ViewerTemp\ViewerTempDlg.cpp(445,5): warning C4244: '인수': 'double'에서 'int'(으)로 변환하면서 데이터가 손실될 수 있습니다.
C:\Users\auseh\OneDrive\문서\GitHub\C_PlusPlus_MFC\File\ViewerTemp\ViewerTemp\ViewerTempDlg.cpp(444,5): warning C4244: '인수': 'double'에서 'int'(으)로 변환하면서 데이터가 손실될 수 있습니다.
C:\Users\auseh\OneDrive\문서\GitHub\C_PlusPlus_MFC\File\ViewerTemp\ViewerTemp\ViewerTempDlg.cpp(440,33): warning C4244: '인수': 'double'에서 'int'(으)로 변환하면서 데이터가 손실될 수 있습니다.
C:\Users\auseh\OneDrive\문서\GitHub\C_PlusPlus_MFC\File\ViewerTemp\ViewerTemp\ViewerTempDlg.cpp(439,32): warning C4244: '인수': 'double'에서 'int'(으)로 변환하면서 데이터가 손실될 수 있습니다.
C:\Users\auseh\OneDrive\문서\GitHub\C_PlusPlus_MFC\File\ViewerTemp\ViewerTemp\ViewerTempDlg.cpp(459,10): warning C4244: '초기화 중': 'INT_PTR'에서 'UINT'(으)로 변환하면서 데이터가 손실될 수 있습니다.
C:\Users\auseh\OneDrive\문서\GitHub\C_PlusPlus_MFC\File\ViewerTemp\ViewerTemp\ViewerTempDlg.cpp(468,42): warning C4244: '인수': 'float'에서 'int'(으)로 변환하면서 데이터가 손실될 수 있습니다.
C:\Users\auseh\OneDrive\문서\GitHub\C_PlusPlus_MFC\File\ViewerTemp\ViewerTemp\ViewerTempDlg.cpp(469,43): warning C4244: '인수': 'float'에서 'int'(으)로 변환하면서 데이터가 손실될 수 있습니다.
C:\Users\auseh\OneDrive\문서\GitHub\C_PlusPlus_MFC\File\ViewerTemp\ViewerTemp\ViewerTempDlg.cpp(545,41): warning C4244: '인수': 'float'에서 'int'(으)로 변환하면서 데이터가 손실될 수 있습니다.
C:\Users\auseh\OneDrive\문서\GitHub\C_PlusPlus_MFC\File\ViewerTemp\ViewerTemp\ViewerTempDlg.cpp(546,42): warning C4244: '인수': 'float'에서 'int'(으)로 변환하면서 데이터가 손실될 수 있습니다.
C:\Users\auseh\OneDrive\문서\GitHub\C_PlusPlus_MFC\File\ViewerTemp\ViewerTemp\ViewerTempDlg.cpp(558,41): warning C4244: '인수': 'float'에서 'int'(으)로 변환하면서 데이터가 손실될 수 있습니다.
C:\Users\auseh\OneDrive\문서\GitHub\C_PlusPlus_MFC\File\ViewerTemp\ViewerTemp\ViewerTempDlg.cpp(559,42): warning C4244: '인수': 'float'에서 'int'(으)로 변환하면서 데이터가 손실될 수 있습니다.
C:\Users\auseh\OneDrive\문서\GitHub\C_PlusPlus_MFC\File\ViewerTemp\ViewerTemp\ViewerTempDlg.cpp(576,42): warning C4244: '인수': 'float'에서 'int'(으)로 변환하면서 데이터가 손실될 수 있습니다.
C:\Users\auseh\OneDrive\문서\GitHub\C_PlusPlus_MFC\File\ViewerTemp\ViewerTemp\ViewerTempDlg.cpp(577,43): warning C4244: '인수': 'float'에서 'int'(으)로 변환하면서 데이터가 손실될 수 있습니다.
C:\Users\auseh\OneDrive\문서\GitHub\C_PlusPlus_MFC\File\ViewerTemp\ViewerTemp\ViewerTempDlg.cpp(592,41): warning C4244: '인수': 'float'에서 'int'(으)로 변환하면서 데이터가 손실될 수 있습니다.
C:\Users\auseh\OneDrive\문서\GitHub\C_PlusPlus_MFC\File\ViewerTemp\ViewerTemp\ViewerTempDlg.cpp(593,42): warning C4244: '인수': 'float'에서 'int'(으)로 변환하면서 데이터가 손실될 수 있습니다.
C:\Users\auseh\OneDrive\문서\GitHub\C_PlusPlus_MFC\File\ViewerTemp\ViewerTemp\ViewerTempDlg.cpp(606,18): warning C4244: '=': 'double'에서 'int'(으)로 변환하면서 데이터가 손실될 수 있습니다.
C:\Users\auseh\OneDrive\문서\GitHub\C_PlusPlus_MFC\File\ViewerTemp\ViewerTemp\ViewerTempDlg.cpp(634,18): warning C4244: '=': 'double'에서 'int'(으)로 변환하면서 데이터가 손실될 수 있습니다.
  ViewerTemp.vcxproj -> C:\Users\auseh\OneDrive\문서\GitHub\C_PlusPlus_MFC\File\ViewerTemp\x64\Debug\ViewerTemp.exe
