  pch.cpp
  ViewerTemp.cpp
  ViewerTempDlg.cpp
C:\Users\auseh\OneDrive\문서\GitHub\C_PlusPlus_MFC\File\ViewerTemp\ViewerTemp\ViewerTempDlg.cpp(218,14): warning C4244: '=': 'double'에서 'int'(으)로 변환하면서 데이터가 손실될 수 있습니다.
C:\Users\auseh\OneDrive\문서\GitHub\C_PlusPlus_MFC\File\ViewerTemp\ViewerTemp\ViewerTempDlg.cpp(218,33): warning C4244: '=': 'double'에서 'int'(으)로 변환하면서 데이터가 손실될 수 있습니다.
C:\Users\auseh\OneDrive\문서\GitHub\C_PlusPlus_MFC\File\ViewerTemp\ViewerTemp\ViewerTempDlg.cpp(232,4): warning C4244: '인수': 'double'에서 'int'(으)로 변환하면서 데이터가 손실될 수 있습니다.
C:\Users\auseh\OneDrive\문서\GitHub\C_PlusPlus_MFC\File\ViewerTemp\ViewerTemp\ViewerTempDlg.cpp(231,4): warning C4244: '인수': 'double'에서 'int'(으)로 변환하면서 데이터가 손실될 수 있습니다.
C:\Users\auseh\OneDrive\문서\GitHub\C_PlusPlus_MFC\File\ViewerTemp\ViewerTemp\ViewerTempDlg.cpp(225,29): warning C4244: '인수': 'double'에서 'int'(으)로 변환하면서 데이터가 손실될 수 있습니다.
C:\Users\auseh\OneDrive\문서\GitHub\C_PlusPlus_MFC\File\ViewerTemp\ViewerTemp\ViewerTempDlg.cpp(224,28): warning C4244: '인수': 'double'에서 'int'(으)로 변환하면서 데이터가 손실될 수 있습니다.
C:\Users\auseh\OneDrive\문서\GitHub\C_PlusPlus_MFC\File\ViewerTemp\ViewerTemp\ViewerTempDlg.cpp(256,42): warning C4244: '인수': 'float'에서 'int'(으)로 변환하면서 데이터가 손실될 수 있습니다.
C:\Users\auseh\OneDrive\문서\GitHub\C_PlusPlus_MFC\File\ViewerTemp\ViewerTemp\ViewerTempDlg.cpp(257,43): warning C4244: '인수': 'float'에서 'int'(으)로 변환하면서 데이터가 손실될 수 있습니다.
C:\Users\auseh\OneDrive\문서\GitHub\C_PlusPlus_MFC\File\ViewerTemp\ViewerTemp\ViewerTempDlg.cpp(396,15): warning C4244: '=': 'double'에서 'int'(으)로 변환하면서 데이터가 손실될 수 있습니다.
C:\Users\auseh\OneDrive\문서\GitHub\C_PlusPlus_MFC\File\ViewerTemp\ViewerTemp\ViewerTempDlg.cpp(396,34): warning C4244: '=': 'double'에서 'int'(으)로 변환하면서 데이터가 손실될 수 있습니다.
C:\Users\auseh\OneDrive\문서\GitHub\C_PlusPlus_MFC\File\ViewerTemp\ViewerTemp\ViewerTempDlg.cpp(407,16): warning C4244: '인수': 'double'에서 'int'(으)로 변환하면서 데이터가 손실될 수 있습니다.
C:\Users\auseh\OneDrive\문서\GitHub\C_PlusPlus_MFC\File\ViewerTemp\ViewerTemp\ViewerTempDlg.cpp(406,15): warning C4244: '인수': 'double'에서 'int'(으)로 변환하면서 데이터가 손실될 수 있습니다.
C:\Users\auseh\OneDrive\문서\GitHub\C_PlusPlus_MFC\File\ViewerTemp\ViewerTemp\ViewerTempDlg.cpp(405,11): warning C4244: '인수': 'double'에서 'int'(으)로 변환하면서 데이터가 손실될 수 있습니다.
C:\Users\auseh\OneDrive\문서\GitHub\C_PlusPlus_MFC\File\ViewerTemp\ViewerTemp\ViewerTempDlg.cpp(404,11): warning C4244: '인수': 'double'에서 'int'(으)로 변환하면서 데이터가 손실될 수 있습니다.
C:\Users\auseh\OneDrive\문서\GitHub\C_PlusPlus_MFC\File\ViewerTemp\ViewerTemp\ViewerTempDlg.cpp(400,33): warning C4244: '인수': 'double'에서 'int'(으)로 변환하면서 데이터가 손실될 수 있습니다.
C:\Users\auseh\OneDrive\문서\GitHub\C_PlusPlus_MFC\File\ViewerTemp\ViewerTemp\ViewerTempDlg.cpp(399,32): warning C4244: '인수': 'double'에서 'int'(으)로 변환하면서 데이터가 손실될 수 있습니다.
C:\Users\auseh\OneDrive\문서\GitHub\C_PlusPlus_MFC\File\ViewerTemp\ViewerTemp\ViewerTempDlg.cpp(478,13): warning C4244: '=': 'double'에서 'int'(으)로 변환하면서 데이터가 손실될 수 있습니다.
C:\Users\auseh\OneDrive\문서\GitHub\C_PlusPlus_MFC\File\ViewerTemp\ViewerTemp\ViewerTempDlg.cpp(478,32): warning C4244: '=': 'double'에서 'int'(으)로 변환하면서 데이터가 손실될 수 있습니다.
C:\Users\auseh\OneDrive\문서\GitHub\C_PlusPlus_MFC\File\ViewerTemp\ViewerTemp\ViewerTempDlg.cpp(492,14): warning C4244: '인수': 'double'에서 'int'(으)로 변환하면서 데이터가 손실될 수 있습니다.
C:\Users\auseh\OneDrive\문서\GitHub\C_PlusPlus_MFC\File\ViewerTemp\ViewerTemp\ViewerTempDlg.cpp(491,13): warning C4244: '인수': 'double'에서 'int'(으)로 변환하면서 데이터가 손실될 수 있습니다.
C:\Users\auseh\OneDrive\문서\GitHub\C_PlusPlus_MFC\File\ViewerTemp\ViewerTemp\ViewerTempDlg.cpp(490,3): warning C4244: '인수': 'double'에서 'int'(으)로 변환하면서 데이터가 손실될 수 있습니다.
C:\Users\auseh\OneDrive\문서\GitHub\C_PlusPlus_MFC\File\ViewerTemp\ViewerTemp\ViewerTempDlg.cpp(489,3): warning C4244: '인수': 'double'에서 'int'(으)로 변환하면서 데이터가 손실될 수 있습니다.
C:\Users\auseh\OneDrive\문서\GitHub\C_PlusPlus_MFC\File\ViewerTemp\ViewerTemp\ViewerTempDlg.cpp(485,31): warning C4244: '인수': 'double'에서 'int'(으)로 변환하면서 데이터가 손실될 수 있습니다.
C:\Users\auseh\OneDrive\문서\GitHub\C_PlusPlus_MFC\File\ViewerTemp\ViewerTemp\ViewerTempDlg.cpp(484,30): warning C4244: '인수': 'double'에서 'int'(으)로 변환하면서 데이터가 손실될 수 있습니다.
C:\Users\auseh\OneDrive\문서\GitHub\C_PlusPlus_MFC\File\ViewerTemp\ViewerTemp\ViewerTempDlg.cpp(496,41): warning C4244: '인수': 'float'에서 'int'(으)로 변환하면서 데이터가 손실될 수 있습니다.
C:\Users\auseh\OneDrive\문서\GitHub\C_PlusPlus_MFC\File\ViewerTemp\ViewerTemp\ViewerTempDlg.cpp(497,42): warning C4244: '인수': 'float'에서 'int'(으)로 변환하면서 데이터가 손실될 수 있습니다.
C:\Users\auseh\OneDrive\문서\GitHub\C_PlusPlus_MFC\File\ViewerTemp\ViewerTemp\ViewerTempDlg.cpp(524,41): warning C4244: '인수': 'float'에서 'int'(으)로 변환하면서 데이터가 손실될 수 있습니다.
C:\Users\auseh\OneDrive\문서\GitHub\C_PlusPlus_MFC\File\ViewerTemp\ViewerTemp\ViewerTempDlg.cpp(525,42): warning C4244: '인수': 'float'에서 'int'(으)로 변환하면서 데이터가 손실될 수 있습니다.
C:\Users\auseh\OneDrive\문서\GitHub\C_PlusPlus_MFC\File\ViewerTemp\ViewerTemp\ViewerTempDlg.cpp(571,13): warning C4244: '=': 'double'에서 'int'(으)로 변환하면서 데이터가 손실될 수 있습니다.
C:\Users\auseh\OneDrive\문서\GitHub\C_PlusPlus_MFC\File\ViewerTemp\ViewerTemp\ViewerTempDlg.cpp(571,32): warning C4244: '=': 'double'에서 'int'(으)로 변환하면서 데이터가 손실될 수 있습니다.
C:\Users\auseh\OneDrive\문서\GitHub\C_PlusPlus_MFC\File\ViewerTemp\ViewerTemp\ViewerTempDlg.cpp(582,14): warning C4244: '인수': 'double'에서 'int'(으)로 변환하면서 데이터가 손실될 수 있습니다.
C:\Users\auseh\OneDrive\문서\GitHub\C_PlusPlus_MFC\File\ViewerTemp\ViewerTemp\ViewerTempDlg.cpp(581,13): warning C4244: '인수': 'double'에서 'int'(으)로 변환하면서 데이터가 손실될 수 있습니다.
C:\Users\auseh\OneDrive\문서\GitHub\C_PlusPlus_MFC\File\ViewerTemp\ViewerTemp\ViewerTempDlg.cpp(580,5): warning C4244: '인수': 'double'에서 'int'(으)로 변환하면서 데이터가 손실될 수 있습니다.
C:\Users\auseh\OneDrive\문서\GitHub\C_PlusPlus_MFC\File\ViewerTemp\ViewerTemp\ViewerTempDlg.cpp(579,5): warning C4244: '인수': 'double'에서 'int'(으)로 변환하면서 데이터가 손실될 수 있습니다.
C:\Users\auseh\OneDrive\문서\GitHub\C_PlusPlus_MFC\File\ViewerTemp\ViewerTemp\ViewerTempDlg.cpp(575,31): warning C4244: '인수': 'double'에서 'int'(으)로 변환하면서 데이터가 손실될 수 있습니다.
C:\Users\auseh\OneDrive\문서\GitHub\C_PlusPlus_MFC\File\ViewerTemp\ViewerTemp\ViewerTempDlg.cpp(574,30): warning C4244: '인수': 'double'에서 'int'(으)로 변환하면서 데이터가 손실될 수 있습니다.
C:\Users\auseh\OneDrive\문서\GitHub\C_PlusPlus_MFC\File\ViewerTemp\ViewerTemp\ViewerTempDlg.cpp(610,42): warning C4244: '인수': 'float'에서 'int'(으)로 변환하면서 데이터가 손실될 수 있습니다.
C:\Users\auseh\OneDrive\문서\GitHub\C_PlusPlus_MFC\File\ViewerTemp\ViewerTemp\ViewerTempDlg.cpp(611,43): warning C4244: '인수': 'float'에서 'int'(으)로 변환하면서 데이터가 손실될 수 있습니다.
C:\Users\auseh\OneDrive\문서\GitHub\C_PlusPlus_MFC\File\ViewerTemp\ViewerTemp\ViewerTempDlg.cpp(658,13): warning C4244: '=': 'double'에서 'int'(으)로 변환하면서 데이터가 손실될 수 있습니다.
C:\Users\auseh\OneDrive\문서\GitHub\C_PlusPlus_MFC\File\ViewerTemp\ViewerTemp\ViewerTempDlg.cpp(658,32): warning C4244: '=': 'double'에서 'int'(으)로 변환하면서 데이터가 손실될 수 있습니다.
C:\Users\auseh\OneDrive\문서\GitHub\C_PlusPlus_MFC\File\ViewerTemp\ViewerTemp\ViewerTempDlg.cpp(672,14): warning C4244: '인수': 'double'에서 'int'(으)로 변환하면서 데이터가 손실될 수 있습니다.
C:\Users\auseh\OneDrive\문서\GitHub\C_PlusPlus_MFC\File\ViewerTemp\ViewerTemp\ViewerTempDlg.cpp(671,13): warning C4244: '인수': 'double'에서 'int'(으)로 변환하면서 데이터가 손실될 수 있습니다.
C:\Users\auseh\OneDrive\문서\GitHub\C_PlusPlus_MFC\File\ViewerTemp\ViewerTemp\ViewerTempDlg.cpp(670,5): warning C4244: '인수': 'double'에서 'int'(으)로 변환하면서 데이터가 손실될 수 있습니다.
C:\Users\auseh\OneDrive\문서\GitHub\C_PlusPlus_MFC\File\ViewerTemp\ViewerTemp\ViewerTempDlg.cpp(669,5): warning C4244: '인수': 'double'에서 'int'(으)로 변환하면서 데이터가 손실될 수 있습니다.
C:\Users\auseh\OneDrive\문서\GitHub\C_PlusPlus_MFC\File\ViewerTemp\ViewerTemp\ViewerTempDlg.cpp(665,31): warning C4244: '인수': 'double'에서 'int'(으)로 변환하면서 데이터가 손실될 수 있습니다.
C:\Users\auseh\OneDrive\문서\GitHub\C_PlusPlus_MFC\File\ViewerTemp\ViewerTemp\ViewerTempDlg.cpp(664,30): warning C4244: '인수': 'double'에서 'int'(으)로 변환하면서 데이터가 손실될 수 있습니다.
C:\Users\auseh\OneDrive\문서\GitHub\C_PlusPlus_MFC\File\ViewerTemp\ViewerTemp\ViewerTempDlg.cpp(712,81): warning C4244: '인수': 'double'에서 'int'(으)로 변환하면서 데이터가 손실될 수 있습니다.
C:\Users\auseh\OneDrive\문서\GitHub\C_PlusPlus_MFC\File\ViewerTemp\ViewerTemp\ViewerTempDlg.cpp(712,73): warning C4244: '인수': 'double'에서 'int'(으)로 변환하면서 데이터가 손실될 수 있습니다.
C:\Users\auseh\OneDrive\문서\GitHub\C_PlusPlus_MFC\File\ViewerTemp\ViewerTemp\ViewerTempDlg.cpp(712,69): warning C4244: '인수': 'double'에서 'int'(으)로 변환하면서 데이터가 손실될 수 있습니다.
C:\Users\auseh\OneDrive\문서\GitHub\C_PlusPlus_MFC\File\ViewerTemp\ViewerTemp\ViewerTempDlg.cpp(712,40): warning C4244: '인수': 'double'에서 'int'(으)로 변환하면서 데이터가 손실될 수 있습니다.
C:\Users\auseh\OneDrive\문서\GitHub\C_PlusPlus_MFC\File\ViewerTemp\ViewerTemp\ViewerTempDlg.cpp(720,41): warning C4244: '인수': 'float'에서 'int'(으)로 변환하면서 데이터가 손실될 수 있습니다.
C:\Users\auseh\OneDrive\문서\GitHub\C_PlusPlus_MFC\File\ViewerTemp\ViewerTemp\ViewerTempDlg.cpp(721,42): warning C4244: '인수': 'float'에서 'int'(으)로 변환하면서 데이터가 손실될 수 있습니다.
C:\Users\auseh\OneDrive\문서\GitHub\C_PlusPlus_MFC\File\ViewerTemp\ViewerTemp\ViewerTempDlg.cpp(732,18): warning C4244: '=': 'double'에서 'int'(으)로 변환하면서 데이터가 손실될 수 있습니다.
C:\Users\auseh\OneDrive\문서\GitHub\C_PlusPlus_MFC\File\ViewerTemp\ViewerTemp\ViewerTempDlg.cpp(795,13): warning C4244: '=': 'double'에서 'int'(으)로 변환하면서 데이터가 손실될 수 있습니다.
C:\Users\auseh\OneDrive\문서\GitHub\C_PlusPlus_MFC\File\ViewerTemp\ViewerTemp\ViewerTempDlg.cpp(795,32): warning C4244: '=': 'double'에서 'int'(으)로 변환하면서 데이터가 손실될 수 있습니다.
C:\Users\auseh\OneDrive\문서\GitHub\C_PlusPlus_MFC\File\ViewerTemp\ViewerTemp\ViewerTempDlg.cpp(806,14): warning C4244: '인수': 'double'에서 'int'(으)로 변환하면서 데이터가 손실될 수 있습니다.
C:\Users\auseh\OneDrive\문서\GitHub\C_PlusPlus_MFC\File\ViewerTemp\ViewerTemp\ViewerTempDlg.cpp(805,13): warning C4244: '인수': 'double'에서 'int'(으)로 변환하면서 데이터가 손실될 수 있습니다.
C:\Users\auseh\OneDrive\문서\GitHub\C_PlusPlus_MFC\File\ViewerTemp\ViewerTemp\ViewerTempDlg.cpp(804,3): warning C4244: '인수': 'double'에서 'int'(으)로 변환하면서 데이터가 손실될 수 있습니다.
C:\Users\auseh\OneDrive\문서\GitHub\C_PlusPlus_MFC\File\ViewerTemp\ViewerTemp\ViewerTempDlg.cpp(803,3): warning C4244: '인수': 'double'에서 'int'(으)로 변환하면서 데이터가 손실될 수 있습니다.
C:\Users\auseh\OneDrive\문서\GitHub\C_PlusPlus_MFC\File\ViewerTemp\ViewerTemp\ViewerTempDlg.cpp(799,31): warning C4244: '인수': 'double'에서 'int'(으)로 변환하면서 데이터가 손실될 수 있습니다.
C:\Users\auseh\OneDrive\문서\GitHub\C_PlusPlus_MFC\File\ViewerTemp\ViewerTemp\ViewerTempDlg.cpp(798,30): warning C4244: '인수': 'double'에서 'int'(으)로 변환하면서 데이터가 손실될 수 있습니다.
C:\Users\auseh\OneDrive\문서\GitHub\C_PlusPlus_MFC\File\ViewerTemp\ViewerTemp\ViewerTempDlg.cpp(816,18): warning C4244: '=': 'double'에서 'int'(으)로 변환하면서 데이터가 손실될 수 있습니다.
C:\Users\auseh\OneDrive\문서\GitHub\C_PlusPlus_MFC\File\ViewerTemp\ViewerTemp\ViewerTempDlg.cpp(878,13): warning C4244: '=': 'double'에서 'int'(으)로 변환하면서 데이터가 손실될 수 있습니다.
C:\Users\auseh\OneDrive\문서\GitHub\C_PlusPlus_MFC\File\ViewerTemp\ViewerTemp\ViewerTempDlg.cpp(878,32): warning C4244: '=': 'double'에서 'int'(으)로 변환하면서 데이터가 손실될 수 있습니다.
C:\Users\auseh\OneDrive\문서\GitHub\C_PlusPlus_MFC\File\ViewerTemp\ViewerTemp\ViewerTempDlg.cpp(889,14): warning C4244: '인수': 'double'에서 'int'(으)로 변환하면서 데이터가 손실될 수 있습니다.
C:\Users\auseh\OneDrive\문서\GitHub\C_PlusPlus_MFC\File\ViewerTemp\ViewerTemp\ViewerTempDlg.cpp(888,13): warning C4244: '인수': 'double'에서 'int'(으)로 변환하면서 데이터가 손실될 수 있습니다.
C:\Users\auseh\OneDrive\문서\GitHub\C_PlusPlus_MFC\File\ViewerTemp\ViewerTemp\ViewerTempDlg.cpp(887,3): warning C4244: '인수': 'double'에서 'int'(으)로 변환하면서 데이터가 손실될 수 있습니다.
C:\Users\auseh\OneDrive\문서\GitHub\C_PlusPlus_MFC\File\ViewerTemp\ViewerTemp\ViewerTempDlg.cpp(886,3): warning C4244: '인수': 'double'에서 'int'(으)로 변환하면서 데이터가 손실될 수 있습니다.
C:\Users\auseh\OneDrive\문서\GitHub\C_PlusPlus_MFC\File\ViewerTemp\ViewerTemp\ViewerTempDlg.cpp(882,31): warning C4244: '인수': 'double'에서 'int'(으)로 변환하면서 데이터가 손실될 수 있습니다.
C:\Users\auseh\OneDrive\문서\GitHub\C_PlusPlus_MFC\File\ViewerTemp\ViewerTemp\ViewerTempDlg.cpp(881,30): warning C4244: '인수': 'double'에서 'int'(으)로 변환하면서 데이터가 손실될 수 있습니다.
C:\Users\auseh\OneDrive\문서\GitHub\C_PlusPlus_MFC\File\ViewerTemp\ViewerTemp\ViewerTempDlg.cpp(963,14): warning C4244: '=': 'double'에서 'int'(으)로 변환하면서 데이터가 손실될 수 있습니다.
C:\Users\auseh\OneDrive\문서\GitHub\C_PlusPlus_MFC\File\ViewerTemp\ViewerTemp\ViewerTempDlg.cpp(963,33): warning C4244: '=': 'double'에서 'int'(으)로 변환하면서 데이터가 손실될 수 있습니다.
C:\Users\auseh\OneDrive\문서\GitHub\C_PlusPlus_MFC\File\ViewerTemp\ViewerTemp\ViewerTempDlg.cpp(974,15): warning C4244: '인수': 'double'에서 'int'(으)로 변환하면서 데이터가 손실될 수 있습니다.
C:\Users\auseh\OneDrive\문서\GitHub\C_PlusPlus_MFC\File\ViewerTemp\ViewerTemp\ViewerTempDlg.cpp(973,14): warning C4244: '인수': 'double'에서 'int'(으)로 변환하면서 데이터가 손실될 수 있습니다.
C:\Users\auseh\OneDrive\문서\GitHub\C_PlusPlus_MFC\File\ViewerTemp\ViewerTemp\ViewerTempDlg.cpp(972,10): warning C4244: '인수': 'double'에서 'int'(으)로 변환하면서 데이터가 손실될 수 있습니다.
C:\Users\auseh\OneDrive\문서\GitHub\C_PlusPlus_MFC\File\ViewerTemp\ViewerTemp\ViewerTempDlg.cpp(971,10): warning C4244: '인수': 'double'에서 'int'(으)로 변환하면서 데이터가 손실될 수 있습니다.
C:\Users\auseh\OneDrive\문서\GitHub\C_PlusPlus_MFC\File\ViewerTemp\ViewerTemp\ViewerTempDlg.cpp(967,32): warning C4244: '인수': 'double'에서 'int'(으)로 변환하면서 데이터가 손실될 수 있습니다.
C:\Users\auseh\OneDrive\문서\GitHub\C_PlusPlus_MFC\File\ViewerTemp\ViewerTemp\ViewerTempDlg.cpp(966,31): warning C4244: '인수': 'double'에서 'int'(으)로 변환하면서 데이터가 손실될 수 있습니다.
  코드를 생성하고 있습니다.
  Previous IPDB not found, fall back to full compilation.
  All 317 functions were compiled because no usable IPDB/IOBJ from previous compilation was found.
  코드를 생성했습니다.
  ViewerTemp.vcxproj -> C:\Users\auseh\OneDrive\문서\GitHub\C_PlusPlus_MFC\File\ViewerTemp\Release\ViewerTemp.exe
